n/66.jpg
n/67.jpg
n/63.jpg
n/64.jpg
n/65.jpg
n/61.jpg
n/62.jpg
n/59.jpg
n/60.jpg
n/56.jpg
n/57.jpg
n/58.jpg
n/53.jpg
n/54.jpg
n/55.jpg
n/51.jpg
n/52.jpg
n/48.jpg
n/49.jpg
n/50.jpg
n/45.jpg
n/46.jpg
n/47.jpg
n/43.jpg
n/44.jpg
n/40.jpg
n/41.jpg
n/42.jpg
n/38.jpg
n/39.jpg
n/36.jpg
n/37.jpg
n/33.jpg
n/34.jpg
n/35.jpg
n/30.jpg
n/31.jpg
n/32.jpg
n/28.jpg
n/29.jpg
n/25.jpg
n/26.jpg
n/27.jpg
n/23.jpg
n/24.jpg
n/20.jpg
n/21.jpg
n/22.jpg
n/19.jpg
n/17.jpg
n/18.jpg
n/16.jpg
n/14.jpg
n/15.jpg
n/12.jpg
n/13.jpg
n/10.jpg
n/11.jpg
n/9.jpg
n/7.jpg
n/8.jpg
n/6.jpg
n/4.jpg
n/5.jpg
n/3.jpg
n/1.jpg
n/2.jpg
n/0.jpg
n/162.jpg
n/160.jpg
n/161.jpg
n/158.jpg
n/159.jpg
n/156.jpg
n/157.jpg
n/153.jpg
n/154.jpg
n/155.jpg
n/151.jpg
n/152.jpg
n/148.jpg
n/149.jpg
n/150.jpg
n/145.jpg
n/146.jpg
n/147.jpg
n/143.jpg
n/144.jpg
n/140.jpg
n/141.jpg
n/142.jpg
n/137.jpg
n/138.jpg
n/139.jpg
n/134.jpg
n/135.jpg
n/136.jpg
n/131.jpg
n/132.jpg
n/133.jpg
n/129.jpg
n/130.jpg
n/126.jpg
n/127.jpg
n/128.jpg
n/123.jpg
n/124.jpg
n/125.jpg
n/120.jpg
n/121.jpg
n/122.jpg
n/117.jpg
n/118.jpg
n/119.jpg
n/115.jpg
n/116.jpg
n/112.jpg
n/113.jpg
n/114.jpg
n/110.jpg
n/111.jpg
n/107.jpg
n/108.jpg
n/109.jpg
n/105.jpg
n/106.jpg
n/102.jpg
n/103.jpg
n/104.jpg
n/100.jpg
n/101.jpg
n/98.jpg
n/99.jpg
n/96.jpg
n/97.jpg
n/93.jpg
n/94.jpg
n/95.jpg
n/90.jpg
n/91.jpg
n/92.jpg
n/87.jpg
n/88.jpg
n/89.jpg
n/85.jpg
n/86.jpg
n/82.jpg
n/83.jpg
n/84.jpg
n/80.jpg
n/81.jpg
n/79.jpg
n/78.jpg
n/76.jpg
n/77.jpg
n/73.jpg
n/74.jpg
n/75.jpg
n/70.jpg
n/71.jpg
n/72.jpg
n/68.jpg
n/69.jpg
n/1631057819466.PNG
n/1631057819467.PNG
n/1631057819468.PNG
n/1631057819469.PNG
n/1631057819470.PNG
n/1631057819471.PNG
n/1631057819472.PNG
n/1631057819473.PNG
n/1631057819474.PNG
n/1631057819475.PNG
n/1631057819476.PNG
n/1631057819477.PNG
n/1631057819478.PNG
n/1631057819479.PNG
n/1631057819480.PNG
n/1631057819481.PNG
n/1631057819482.PNG
n/1631057819483.PNG
n/1631057819484.PNG
n/1631057819485.PNG
n/1631057819486.PNG
n/1631057819487.PNG
n/1631057819488.PNG
n/1631057819489.PNG
n/1631057819490.PNG
n/1631057819491.PNG
n/1631057819492.PNG
n/1631057819493.PNG
n/1631057819494.PNG
n/1631057819495.PNG
n/1631057819496.PNG
n/1631057819497.PNG
n/1631057819498.PNG
n/1631057819499.PNG
n/1631057819500.PNG
n/1631057819501.PNG
n/1631057819502.PNG
n/1631057819503.PNG
n/1631057819504.PNG
n/1631057819505.PNG
n/1631057819506.PNG
n/1631057819507.PNG
n/1631057819508.PNG
n/1631057819509.PNG
n/1631057819510.PNG
n/1631057819511.PNG
n/1631057819512.PNG
n/1631057819513.PNG
n/1631057819514.PNG
n/1631057819515.PNG
n/1631057819516.PNG
n/1631057819517.PNG
n/1631057819518.PNG
n/1631057819519.PNG
n/1631057819520.PNG
n/1631057819521.PNG
n/1631057819522.PNG
n/1631057819523.PNG
n/1631057819524.PNG
n/1631057819525.PNG
n/1631057819526.PNG
n/1631057819527.PNG
n/1631057819528.PNG
n/1631057819529.PNG
n/1631057819530.PNG
n/1631057819531.PNG
n/1631057819532.PNG
n/1631057819533.PNG
n/1631057819534.PNG
n/1631057819535.PNG
n/1631057819536.PNG
n/1631057819537.PNG
n/1631057819538.PNG
n/1631057819539.PNG
n/1631057819540.PNG
n/1631057819541.PNG
n/server.PNG
n/1631057819542.PNG
n/1631057819543.PNG
n/1631057819544.PNG
n/1631057819545.PNG
n/1631057819546.PNG
n/1631057819547.PNG
n/1631057819548.PNG
n/1631057819549.PNG
n/1631057819550.PNG
n/1631057819551.PNG
n/1631057819552.PNG
n/1631057819553.PNG
n/1631057819554.PNG
n/1631057819555.PNG
n/1631057819556.PNG
n/1631057819557.PNG
n/1631057819558.PNG
n/1631057819559.PNG
n/1631057819560.PNG
n/1631057819561.PNG
n/1631057819562.PNG
n/1631057819563.PNG
n/1631057819564.PNG
n/1631057819565.PNG
n/1631057819566.PNG
n/1631057819567.PNG
n/1631057819568.PNG
n/1631057819569.PNG
n/1631057819570.PNG
n/1631057819571.PNG
n/1631057819572.PNG
n/1631057819573.PNG
n/1631057819574.PNG
n/1631057819575.PNG
n/1631057819576.PNG
n/1631057819577.PNG
n/1631057819578.PNG
n/1631057819579.PNG
n/1631057819580.PNG
n/1631057819581.PNG
n/1631057819582.PNG
n/1631057819583.PNG
n/1631057819584.PNG
n/1631057819585.PNG
n/1631057819586.PNG
n/1631057819587.PNG
n/1631057819588.PNG
n/1631057819589.PNG
n/1631057819590.PNG
n/1631057819591.PNG
n/1631057819592.PNG
n/1631057819593.PNG
n/1631057819594.PNG
n/1631057819595.PNG
n/1631057819596.PNG
n/1631057819597.PNG
n/1631057819598.PNG
n/1631057819599.PNG
n/1631057819600.PNG
n/1631057819601.PNG
n/1631057819602.PNG
n/1631057819603.PNG
n/1631057819604.PNG
n/1631057819605.PNG
n/1631057819606.PNG
n/1631057819607.PNG
n/1631057819608.PNG
n/1631057819609.PNG
n/1631057819610.PNG
n/1631057819611.PNG
n/1631057819612.PNG
n/1631057819613.PNG
n/1631057819614.PNG
n/1631057819615.PNG
n/1631057819616.PNG
n/1631057819617.PNG
n/switch.PNG
n/1631057819390.PNG
n/1631057819391.PNG
n/1631057819392.PNG
n/1631057819393.PNG
n/1631057819394.PNG
n/1631057819395.PNG
n/1631057819396.PNG
n/1631057819397.PNG
n/1631057819398.PNG
n/1631057819399.PNG
n/1631057819400.PNG
n/1631057819401.PNG
n/1631057819402.PNG
n/1631057819403.PNG
n/1631057819404.PNG
n/1631057819405.PNG
n/1631057819406.PNG
n/1631057819407.PNG
n/1631057819408.PNG
n/1631057819409.PNG
n/1631057819410.PNG
n/1631057819411.PNG
n/1631057819412.PNG
n/1631057819413.PNG
n/1631057819414.PNG
n/1631057819415.PNG
n/1631057819416.PNG
n/1631057819417.PNG
n/1631057819418.PNG
n/1631057819419.PNG
n/1631057819420.PNG
n/1631057819421.PNG
n/1631057819422.PNG
n/1631057819423.PNG
n/1631057819424.PNG
n/1631057819425.PNG
n/1631057819426.PNG
n/1631057819427.PNG
n/1631057819428.PNG
n/1631057819429.PNG
n/1631057819430.PNG
n/1631057819431.PNG
n/1631057819432.PNG
n/1631057819433.PNG
n/1631057819434.PNG
n/1631057819435.PNG
n/1631057819436.PNG
n/1631057819437.PNG
n/1631057819438.PNG
n/1631057819439.PNG
n/1631057819440.PNG
n/1631057819441.PNG
n/1631057819442.PNG
n/1631057819443.PNG
n/1631057819444.PNG
n/1631057819445.PNG
n/1631057819446.PNG
n/1631057819447.PNG
n/1631057819448.PNG
n/1631057819449.PNG
n/1631057819450.PNG
n/1631057819451.PNG
n/1631057819452.PNG
n/1631057819453.PNG
n/1631057819454.PNG
n/1631057819455.PNG
n/1631057819456.PNG
n/1631057819457.PNG
n/1631057819458.PNG
n/1631057819459.PNG
n/1631057819460.PNG
n/1631057819461.PNG
n/1631057819462.PNG
n/1631057819463.PNG
n/1631057819464.PNG
n/1631057819465.PNG
n/router.PNG