p/1631057819648.PNG 1 0 0 116 99
p/1631057819649.PNG 1 0 0 116 99
p/1631057819650.PNG 1 0 0 116 99
p/1631057819651.PNG 1 0 0 116 99
p/1631057819652.PNG 1 0 0 116 99
p/1631057819653.PNG 1 0 0 116 99
p/1631057819654.PNG 1 0 0 116 99
p/1631057819655.PNG 1 0 0 116 99
p/1631057819656.PNG 1 0 0 116 99
p/1631057819657.PNG 1 0 0 116 99
p/1631057819658.PNG 1 0 0 116 99
p/1631057819659.PNG 1 0 0 116 99
p/1631057819660.PNG 1 0 0 116 99
p/1631057819661.PNG 1 0 0 116 99
p/1631057819662.PNG 1 0 0 116 99
p/1631057819663.PNG 1 0 0 116 99
p/1631057819664.PNG 1 0 0 116 99
p/1631057819665.PNG 1 0 0 116 99
p/1631057819666.PNG 1 0 0 116 99
p/1631057819667.PNG 1 0 0 116 99
p/1631057819668.PNG 1 0 0 116 99
p/1631057819669.PNG 1 0 0 116 99
p/1631057819670.PNG 1 0 0 116 99
p/1631057819671.PNG 1 0 0 116 99
p/1631057819672.PNG 1 0 0 116 99
p/1631057819673.PNG 1 0 0 116 99
p/1631057819674.PNG 1 0 0 116 99
p/1631057819675.PNG 1 0 0 116 99
p/1631057819676.PNG 1 0 0 116 99
p/1631057819677.PNG 1 0 0 116 99
p/1631057819678.PNG 1 0 0 116 99
p/1631057819679.PNG 1 0 0 116 99
p/1631057819680.PNG 1 0 0 116 99
p/1631057819681.PNG 1 0 0 116 99
p/1631057819682.PNG 1 0 0 116 99
p/1631057819683.PNG 1 0 0 116 99
p/1631057819684.PNG 1 0 0 116 99
p/1631057819685.PNG 1 0 0 116 99
p/1631057819686.PNG 1 0 0 116 99
p/1631057819687.PNG 1 0 0 116 99
p/1631057819688.PNG 1 0 0 116 99
p/1631057819689.PNG 1 0 0 116 99
p/1631057819690.PNG 1 0 0 116 99
p/1631057819691.PNG 1 0 0 116 99
p/1631057819692.PNG 1 0 0 116 99
p/1631057819693.PNG 1 0 0 116 99
p/1631057819694.PNG 1 0 0 116 99
p/1631057819695.PNG 1 0 0 116 99
p/1631057819696.PNG 1 0 0 116 99
p/1631057819697.PNG 1 0 0 116 99
p/1631057819698.PNG 1 0 0 116 99
p/1631057819699.PNG 1 0 0 116 99
p/1631057819700.PNG 1 0 0 116 99
p/1631057819701.PNG 1 0 0 116 99
p/1631057819702.PNG 1 0 0 116 99
p/1631057819703.PNG 1 0 0 116 99
p/1631057819704.PNG 1 0 0 116 99
p/1631057819705.PNG 1 0 0 116 99
p/1631057819706.PNG 1 0 0 116 99
p/1631057819707.PNG 1 0 0 116 99
p/1631057819708.PNG 1 0 0 116 99
p/1631057819709.PNG 1 0 0 116 99
p/1631057819710.PNG 1 0 0 116 99
p/1631057819711.PNG 1 0 0 116 99
p/1631057819712.PNG 1 0 0 116 99
p/1631057819713.PNG 1 0 0 116 99
p/1631057819714.PNG 1 0 0 116 99
p/1631057819715.PNG 1 0 0 116 99
p/1631057819716.PNG 1 0 0 116 99
p/1631057819717.PNG 1 0 0 116 99
p/1631057819718.PNG 1 0 0 116 99
p/1631057819719.PNG 1 0 0 116 99
p/1631057819720.PNG 1 0 0 116 99
p/1631057819721.PNG 1 0 0 116 99
p/1631057819722.PNG 1 0 0 116 99
p/1631057819723.PNG 1 0 0 116 99
p/1631057819724.PNG 1 0 0 116 99
p/1631057819725.PNG 1 0 0 116 99
p/1631057819726.PNG 1 0 0 116 99
p/1631057819727.PNG 1 0 0 116 99
p/1631057819728.PNG 1 0 0 116 99
p/1631057819729.PNG 1 0 0 116 99
p/1631057819730.PNG 1 0 0 116 99
p/1631057819731.PNG 1 0 0 116 99
p/1631057819732.PNG 1 0 0 116 99
p/1631057819733.PNG 1 0 0 116 99
p/1631057819734.PNG 1 0 0 116 99
p/1631057819735.PNG 1 0 0 116 99
p/1631057819736.PNG 1 0 0 116 99
p/1631057819737.PNG 1 0 0 116 99
p/1631057819738.PNG 1 0 0 116 99
p/1631057819739.PNG 1 0 0 116 99
p/1631057819740.PNG 1 0 0 116 99
p/1631057819741.PNG 1 0 0 116 99
p/1631057819742.PNG 1 0 0 116 99
p/pc.PNG 1 0 0 116 99